Arguments: 
  /usr/local/bin/node /usr/local/bin/yarn add isomorphic-unfetch: ^2.0.0,

PATH: 
  /Library/Frameworks/Python.framework/Versions/3.6/bin:/usr/local/Cellar:/usr/local/bin:/usr/bin:/bin:/usr/sbin:/sbin

Yarn version: 
  1.3.2

Node version: 
  8.4.0

Platform: 
  darwin x64

npm manifest: 
  {
    "name": "theCrown_website",
    "version": "1.0.0",
    "main": "index.js",
    "author": "Gilles Yvetot <g.yvetot@gmail.com>",
    "license": "MIT"
  }

yarn manifest: 
  No manifest

Lockfile: 
  No lockfile

Trace: 
  Error: isomorphic-unfetch:: Invalid URI "isomorphic-unfetch:/"
      at Request.module.exports.Request.init (/Users/Gilles/.config/yarn/global/node_modules/yarn/lib/cli.js:123173:31)
      at new Request (/Users/Gilles/.config/yarn/global/node_modules/yarn/lib/cli.js:123027:8)
      at request (/Users/Gilles/.config/yarn/global/node_modules/yarn/lib/cli.js:121625:10)
      at RequestManager.execute (/Users/Gilles/.config/yarn/global/node_modules/yarn/lib/cli.js:62141:17)
      at RequestManager.shiftQueue (/Users/Gilles/.config/yarn/global/node_modules/yarn/lib/cli.js:62168:10)
      at promise.default (/Users/Gilles/.config/yarn/global/node_modules/yarn/lib/cli.js:61947:12)
      at Promise (<anonymous>)
      at F (/Users/Gilles/.config/yarn/global/node_modules/yarn/lib/cli.js:29389:28)
      at RequestManager.request (/Users/Gilles/.config/yarn/global/node_modules/yarn/lib/cli.js:61945:21)
      at NpmRegistry.request (/Users/Gilles/.config/yarn/global/node_modules/yarn/lib/cli.js:30362:32)
